app/build/intermediates/manifest_merge_blame_file/debug/manifest-merger-blame-debug-report.txt
1<?xml version="1.0" encoding="utf-8"?>
2<manifest xmlns:android="http://schemas.android.com/apk/res/android"
3    package="org.tensorflow.codelabs.objectdetection"
4    android:versionCode="1"
5    android:versionName="1.0" >
6
7    <uses-sdk
8        android:minSdkVersion="23"
8-->src\main\AndroidManifest.xml
9        android:targetSdkVersion="30" />
9-->src\main\AndroidManifest.xml
10
11    <queries>
11-->src\main\AndroidManifest.xml:5:5-9:15
12        <intent>
12-->src\main\AndroidManifest.xml:6:9-8:18
13            <action android:name="android.media.action.IMAGE_CAPTURE" />
13-->src\main\AndroidManifest.xml:7:13-73
13-->src\main\AndroidManifest.xml:7:21-70
14        </intent>
15    </queries>
16
17    <uses-permission android:name="android.permission.WRITE_EXTERNAL_STORAGE" />
18    <uses-permission android:name="android.permission.READ_PHONE_STATE" />
19    <uses-permission android:name="android.permission.READ_EXTERNAL_STORAGE" />
20
21    <application
21-->src\main\AndroidManifest.xml:11:5-42:19
22        android:allowBackup="true"
22-->src\main\AndroidManifest.xml:12:9-35
23        android:appComponentFactory="androidx.core.app.CoreComponentFactory"
23-->[androidx.core:core:1.3.2] AndroidManifest.xml:24:18-86
24        android:debuggable="true"
25        android:extractNativeLibs="false"
26        android:icon="@mipmap/ic_launcher"
26-->src\main\AndroidManifest.xml:13:9-43
27        android:label="@string/app_name"
27-->src\main\AndroidManifest.xml:14:9-41
28        android:roundIcon="@mipmap/ic_launcher_round"
28-->src\main\AndroidManifest.xml:15:9-54
29        android:supportsRtl="true"
29-->src\main\AndroidManifest.xml:16:9-35
30        android:testOnly="true"
31        android:theme="@style/Theme.ObjectDetection" >
31-->src\main\AndroidManifest.xml:17:9-53
32        <activity android:name="org.tensorflow.codelabs.objectdetection.SplashActivity" >
32-->src\main\AndroidManifest.xml:19:9-25:20
32-->src\main\AndroidManifest.xml:19:19-88
33            <intent-filter>
33-->src\main\AndroidManifest.xml:20:13-24:29
34                <action android:name="android.intent.action.MAIN" />
34-->src\main\AndroidManifest.xml:21:17-69
34-->src\main\AndroidManifest.xml:21:25-66
35
36                <category android:name="android.intent.category.LAUNCHER" />
36-->src\main\AndroidManifest.xml:23:17-77
36-->src\main\AndroidManifest.xml:23:27-74
37            </intent-filter>
38        </activity>
39        <activity android:name="org.tensorflow.codelabs.objectdetection.MainActivity" >
39-->src\main\AndroidManifest.xml:27:9-31:20
39-->src\main\AndroidManifest.xml:27:19-86
40            <intent-filter>
40-->src\main\AndroidManifest.xml:28:13-30:29
41                <action android:name="android.intent.action.MAIN" />
41-->src\main\AndroidManifest.xml:21:17-69
41-->src\main\AndroidManifest.xml:21:25-66
42            </intent-filter>
43        </activity>
44
45        <provider
45-->src\main\AndroidManifest.xml:33:9-41:20
46            android:name="androidx.core.content.FileProvider"
46-->src\main\AndroidManifest.xml:34:13-62
47            android:authorities="org.tensorflow.codelabs.objectdetection.fileprovider"
47-->src\main\AndroidManifest.xml:35:13-87
48            android:exported="false"
48-->src\main\AndroidManifest.xml:36:13-37
49            android:grantUriPermissions="true" >
49-->src\main\AndroidManifest.xml:37:13-47
50            <meta-data
50-->src\main\AndroidManifest.xml:38:13-40:54
51                android:name="android.support.FILE_PROVIDER_PATHS"
51-->src\main\AndroidManifest.xml:39:17-67
52                android:resource="@xml/file_paths" />
52-->src\main\AndroidManifest.xml:40:17-51
53        </provider>
54    </application>
55
56</manifest>